Microsoft (R) Auto Code Review Version 3.0.30122.1
Copyright (C) Microsoft Corporation. All rights reserved.

Mar 12 07:03:48  monitor  Starting
Mar 12 07:07:39 oacr.dll  OACR version change (from build '0' to '30122')
Mar 12 07:09:29   oacrcl  Creating queue for 'WDKSamples:x86fre'
Mar 12 07:09:37   oacrcl  Creating queue for 'root:x86fre'
Mar 12 07:29:43   daemon  Starting 'root:x86fre'
Mar 12 07:30:16   daemon  Throttling stats: 82% disk idle (target>=50%), 0% sleep, 11% scanner suspend
Mar 12 07:30:16   daemon  Finishing 'root:x86fre' - No issues, 3 file(s), 0:23
Mar 12 07:30:22   daemon  Starting 'WDKSamples:x86fre'
Mar 12 08:55:34   daemon  Throttling stats: 92% disk idle (target>=50%), 0% sleep, 3% scanner suspend
Mar 12 08:55:34   daemon  Finishing 'WDKSamples:x86fre' - No issues, 1440 file(s), 1:25:03
Mar 13 04:54:23  monitor  WARNING : Cannot send secondary feedback - target location not found (0:23.437)
Mar 13 04:54:24  monitor  Resetting feedback
Jan 17 10:12:29  monitor  Starting
Jan 17 13:46:32   oacrcl  Creating queue for 'WDKSamples:x86fre'
Jan 17 13:46:40   oacrcl  Creating queue for 'root:x86fre'
Jan 17 14:02:55   daemon  Starting 'root:x86fre'
Jan 17 14:03:19   daemon  Finishing 'root:x86fre' - No issues, 3 file(s), 0:18
Jan 17 14:03:25   daemon  Starting 'WDKSamples:x86fre'
Jan 17 15:24:11   daemon  Throttling stats: 99% disk idle (target>=50%), 0% sleep, 1% scanner suspend
Jan 17 15:24:11   daemon  Finishing 'WDKSamples:x86fre' - No issues, 1438 file(s), 1:29:39
